2017-10-16 08:41:23 2432 [Note] Plugin 'FEDERATED' is disabled.
2017-10-16 08:41:23 2432 [Note] InnoDB: The InnoDB memory heap is disabled
2017-10-16 08:41:23 2432 [Note] InnoDB: Mutexes and rw_locks use Windows interlocked functions
2017-10-16 08:41:23 2432 [Note] InnoDB: Compressed tables use zlib 1.2.3
2017-10-16 08:41:23 2432 [Note] InnoDB: Not using CPU crc32 instructions
2017-10-16 08:41:23 2432 [Note] InnoDB: Initializing buffer pool, size = 128.0M
2017-10-16 08:41:23 2432 [Note] InnoDB: Completed initialization of buffer pool
2017-10-16 08:41:23 2432 [Note] InnoDB: Highest supported file format is Barracuda.
2017-10-16 08:41:23 2432 [Note] InnoDB: The log sequence numbers 1626134 and 1626134 in ibdata files do not match the log sequence number 1626666 in the ib_logfiles!
2017-10-16 08:41:23 2432 [Note] InnoDB: Database was not shutdown normally!
2017-10-16 08:41:23 2432 [Note] InnoDB: Starting crash recovery.
2017-10-16 08:41:23 2432 [Note] InnoDB: Reading tablespace information from the .ibd files...
2017-10-16 08:41:23 2432 [Note] InnoDB: Restoring possible half-written data pages 
2017-10-16 08:41:23 2432 [Note] InnoDB: from the doublewrite buffer...
2017-10-16 08:41:24 2432 [Note] InnoDB: 128 rollback segment(s) are active.
2017-10-16 08:41:24 2432 [Note] InnoDB: Waiting for purge to start
2017-10-16 08:41:24 2432 [Note] InnoDB: 5.6.13 started; log sequence number 1626666
2017-10-16 08:41:24 2432 [Note] Server hostname (bind-address): '*'; port: 3307
2017-10-16 08:41:24 2432 [Note] IPv6 is available.
2017-10-16 08:41:24 2432 [Note]   - '::' resolves to '::';
2017-10-16 08:41:24 2432 [Note] Server socket created on IP: '::'.
2017-10-16 09:10:32 3920 [Note] Plugin 'FEDERATED' is disabled.
2017-10-16 09:10:32 3920 [Note] InnoDB: The InnoDB memory heap is disabled
2017-10-16 09:10:32 3920 [Note] InnoDB: Mutexes and rw_locks use Windows interlocked functions
2017-10-16 09:10:32 3920 [Note] InnoDB: Compressed tables use zlib 1.2.3
2017-10-16 09:10:32 3920 [Note] InnoDB: Not using CPU crc32 instructions
2017-10-16 09:10:32 3920 [Note] InnoDB: Initializing buffer pool, size = 128.0M
2017-10-16 09:10:32 3920 [Note] InnoDB: Completed initialization of buffer pool
2017-10-16 09:10:32 3920 [Note] InnoDB: Highest supported file format is Barracuda.
2017-10-16 09:10:32 3920 [Note] InnoDB: The log sequence numbers 1626134 and 1626134 in ibdata files do not match the log sequence number 1626676 in the ib_logfiles!
2017-10-16 09:10:32 3920 [Note] InnoDB: Database was not shutdown normally!
2017-10-16 09:10:32 3920 [Note] InnoDB: Starting crash recovery.
2017-10-16 09:10:32 3920 [Note] InnoDB: Reading tablespace information from the .ibd files...
2017-10-16 09:10:32 3920 [Note] InnoDB: Restoring possible half-written data pages 
2017-10-16 09:10:32 3920 [Note] InnoDB: from the doublewrite buffer...
2017-10-16 09:10:33 3920 [Note] InnoDB: 128 rollback segment(s) are active.
2017-10-16 09:10:33 3920 [Note] InnoDB: Waiting for purge to start
2017-10-16 09:10:33 3920 [Note] InnoDB: 5.6.13 started; log sequence number 1626676
2017-10-16 09:10:33 3920 [Note] Server hostname (bind-address): '*'; port: 3307
2017-10-16 09:10:33 3920 [Note] IPv6 is available.
2017-10-16 09:10:33 3920 [Note]   - '::' resolves to '::';
2017-10-16 09:10:33 3920 [Note] Server socket created on IP: '::'.
